c:\users\andreas\documents\visual studio 2015\projects\wallpaperchangeapp\wallpaperchangebackgroundtask\debug\pch.pch
c:\users\andreas\documents\visual studio 2015\projects\wallpaperchangeapp\wallpaperchangebackgroundtask\debug\vc140.pdb
c:\users\andreas\documents\visual studio 2015\projects\wallpaperchangeapp\wallpaperchangebackgroundtask\debug\vc140.idb
c:\users\andreas\documents\visual studio 2015\projects\wallpaperchangeapp\wallpaperchangebackgroundtask\debug\pch.obj
c:\users\andreas\documents\visual studio 2015\projects\wallpaperchangeapp\wallpaperchangebackgroundtask\debug\wallpaperchanger.obj
c:\users\andreas\documents\visual studio 2015\projects\wallpaperchangeapp\debug\wallpaperchangebackgroundtask\wallpaperchangebackgroundtask.ilk
c:\users\andreas\documents\visual studio 2015\projects\wallpaperchangeapp\debug\wallpaperchangebackgroundtask\wallpaperchangebackgroundtask.dll
c:\users\andreas\documents\visual studio 2015\projects\wallpaperchangeapp\debug\wallpaperchangebackgroundtask\wallpaperchangebackgroundtask.winmd
c:\users\andreas\documents\visual studio 2015\projects\wallpaperchangeapp\debug\wallpaperchangebackgroundtask\wallpaperchangebackgroundtask.pdb
c:\users\andreas\documents\visual studio 2015\projects\wallpaperchangeapp\debug\wallpaperchangebackgroundtask\wallpaperchangebackgroundtask.lib
c:\users\andreas\documents\visual studio 2015\projects\wallpaperchangeapp\debug\wallpaperchangebackgroundtask\wallpaperchangebackgroundtask.exp
c:\users\andreas\documents\visual studio 2015\projects\wallpaperchangeapp\wallpaperchangebackgroundtask\debug\wallpaperchangebackgroundtask.vcxprojresolveassemblyreference.cache
c:\users\andreas\documents\visual studio 2015\projects\wallpaperchangeapp\wallpaperchangebackgroundtask\debug\resourcehandlingtask.state
c:\users\andreas\documents\visual studio 2015\projects\wallpaperchangeapp\wallpaperchangebackgroundtask\debug\priconfig.xml
c:\users\andreas\documents\visual studio 2015\projects\wallpaperchangeapp\wallpaperchangebackgroundtask\debug\priconfig.xml.intermediate
c:\users\andreas\documents\visual studio 2015\projects\wallpaperchangeapp\wallpaperchangebackgroundtask\debug\layout.resfiles
c:\users\andreas\documents\visual studio 2015\projects\wallpaperchangeapp\wallpaperchangebackgroundtask\debug\layout.resfiles.intermediate
c:\users\andreas\documents\visual studio 2015\projects\wallpaperchangeapp\wallpaperchangebackgroundtask\debug\resources.resfiles
c:\users\andreas\documents\visual studio 2015\projects\wallpaperchangeapp\wallpaperchangebackgroundtask\debug\resources.resfiles.intermediate
c:\users\andreas\documents\visual studio 2015\projects\wallpaperchangeapp\wallpaperchangebackgroundtask\debug\pri.resfiles
c:\users\andreas\documents\visual studio 2015\projects\wallpaperchangeapp\wallpaperchangebackgroundtask\debug\pri.resfiles.intermediate
c:\users\andreas\documents\visual studio 2015\projects\wallpaperchangeapp\debug\wallpaperchangebackgroundtask\wallpaperchangebackgroundtask.pri
c:\users\andreas\documents\visual studio 2015\projects\wallpaperchangeapp\wallpaperchangebackgroundtask\debug\qualifiers.txt
c:\users\andreas\documents\visual studio 2015\projects\wallpaperchangeapp\wallpaperchangebackgroundtask\debug\qualifiers.txt.intermediate
c:\users\andreas\documents\visual studio 2015\projects\wallpaperchangeapp\wallpaperchangebackgroundtask\debug\multiplequalifiersperdimensionfound.txt
c:\users\andreas\documents\visual studio 2015\projects\wallpaperchangeapp\wallpaperchangebackgroundtask\debug\embed.resfiles
c:\users\andreas\documents\visual studio 2015\projects\wallpaperchangeapp\wallpaperchangebackgroundtask\debug\wallpape.99d6440e.tlog\cl.command.1.tlog
c:\users\andreas\documents\visual studio 2015\projects\wallpaperchangeapp\wallpaperchangebackgroundtask\debug\wallpape.99d6440e.tlog\cl.read.1.tlog
c:\users\andreas\documents\visual studio 2015\projects\wallpaperchangeapp\wallpaperchangebackgroundtask\debug\wallpape.99d6440e.tlog\cl.write.1.tlog
c:\users\andreas\documents\visual studio 2015\projects\wallpaperchangeapp\wallpaperchangebackgroundtask\debug\wallpape.99d6440e.tlog\link.command.1.tlog
c:\users\andreas\documents\visual studio 2015\projects\wallpaperchangeapp\wallpaperchangebackgroundtask\debug\wallpape.99d6440e.tlog\link.delete.1.tlog
c:\users\andreas\documents\visual studio 2015\projects\wallpaperchangeapp\wallpaperchangebackgroundtask\debug\wallpape.99d6440e.tlog\link.read.1.tlog
c:\users\andreas\documents\visual studio 2015\projects\wallpaperchangeapp\wallpaperchangebackgroundtask\debug\wallpape.99d6440e.tlog\link.write.1.tlog
c:\users\andreas\documents\visual studio 2015\projects\wallpaperchangeapp\wallpaperchangebackgroundtask\debug\wallpape.99d6440e.tlog\wallpaperchangebackgroundtask.read.1u.tlog
c:\users\andreas\documents\visual studio 2015\projects\wallpaperchangeapp\wallpaperchangebackgroundtask\debug\wallpape.99d6440e.tlog\wallpaperchangebackgroundtask.write.1u.tlog
