c:\users\andreas\documents\visual studio 2015\projects\wallpaperchangeapp\wallpaperchangeapp\debug\wallpaperchangeapp.pch
c:\users\andreas\documents\visual studio 2015\projects\wallpaperchangeapp\wallpaperchangeapp\debug\vc140.pdb
c:\users\andreas\documents\visual studio 2015\projects\wallpaperchangeapp\wallpaperchangeapp\debug\vc140.idb
c:\users\andreas\documents\visual studio 2015\projects\wallpaperchangeapp\wallpaperchangeapp\debug\pch.obj
c:\users\andreas\documents\visual studio 2015\projects\wallpaperchangeapp\wallpaperchangeapp\debug\xamltypeinfo.impl.g.obj
c:\users\andreas\documents\visual studio 2015\projects\wallpaperchangeapp\wallpaperchangeapp\debug\app.xaml.obj
c:\users\andreas\documents\visual studio 2015\projects\wallpaperchangeapp\wallpaperchangeapp\debug\xamltypeinfo.g.obj
c:\users\andreas\documents\visual studio 2015\projects\wallpaperchangeapp\wallpaperchangeapp\debug\mainpage.xaml.obj
c:\users\andreas\documents\visual studio 2015\projects\wallpaperchangeapp\wallpaperchangeapp\debug\wallpape.845b70f8.tlog\wallpaperchangeapp.winmd.lastbuild
c:\users\andreas\documents\visual studio 2015\projects\wallpaperchangeapp\debug\wallpaperchangeapp\wallpaperchangeapp.ilk
c:\users\andreas\documents\visual studio 2015\projects\wallpaperchangeapp\debug\wallpaperchangeapp\wallpaperchangeapp.exe
c:\users\andreas\documents\visual studio 2015\projects\wallpaperchangeapp\debug\wallpaperchangeapp\wallpaperchangeapp.pdb
c:\users\andreas\documents\visual studio 2015\projects\wallpaperchangeapp\debug\wallpaperchangeapp\wallpaperchangeapp.winmd
c:\users\andreas\documents\visual studio 2015\projects\wallpaperchangeapp\debug\wallpaperchangeapp\wallpaperchangeapp.lib
c:\users\andreas\documents\visual studio 2015\projects\wallpaperchangeapp\debug\wallpaperchangeapp\wallpaperchangeapp.exp
c:\users\andreas\documents\visual studio 2015\projects\wallpaperchangeapp\wallpaperchangeapp\generated files\app.g.h
c:\users\andreas\documents\visual studio 2015\projects\wallpaperchangeapp\wallpaperchangeapp\generated files\mainpage.g.h
c:\users\andreas\documents\visual studio 2015\projects\wallpaperchangeapp\wallpaperchangeapp\generated files\xamllibmetadataprovider.g.cpp
c:\users\andreas\documents\visual studio 2015\projects\wallpaperchangeapp\wallpaperchangeapp\generated files\xamltypeinfo.impl.g.cpp
c:\users\andreas\documents\visual studio 2015\projects\wallpaperchangeapp\wallpaperchangeapp\generated files\app.xaml
c:\users\andreas\documents\visual studio 2015\projects\wallpaperchangeapp\wallpaperchangeapp\generated files\mainpage.xaml
c:\users\andreas\documents\visual studio 2015\projects\wallpaperchangeapp\wallpaperchangeapp\generated files\app.xbf
c:\users\andreas\documents\visual studio 2015\projects\wallpaperchangeapp\wallpaperchangeapp\generated files\mainpage.xbf
c:\users\andreas\documents\visual studio 2015\projects\wallpaperchangeapp\wallpaperchangeapp\debug\xamlsavestatefile.xml
c:\users\andreas\documents\visual studio 2015\projects\wallpaperchangeapp\wallpaperchangeapp\generated files\xamltypeinfo.g.cpp
c:\users\andreas\documents\visual studio 2015\projects\wallpaperchangeapp\debug\wallpaperchangeapp\app.xbf
c:\users\andreas\documents\visual studio 2015\projects\wallpaperchangeapp\debug\wallpaperchangeapp\mainpage.xbf
c:\users\andreas\documents\visual studio 2015\projects\wallpaperchangeapp\wallpaperchangeapp\debug\resourcehandlingtask.state
c:\users\andreas\documents\visual studio 2015\projects\wallpaperchangeapp\wallpaperchangeapp\debug\priconfig.xml
c:\users\andreas\documents\visual studio 2015\projects\wallpaperchangeapp\wallpaperchangeapp\debug\priconfig.xml.intermediate
c:\users\andreas\documents\visual studio 2015\projects\wallpaperchangeapp\wallpaperchangeapp\debug\layout.resfiles
c:\users\andreas\documents\visual studio 2015\projects\wallpaperchangeapp\wallpaperchangeapp\debug\layout.resfiles.intermediate
c:\users\andreas\documents\visual studio 2015\projects\wallpaperchangeapp\wallpaperchangeapp\debug\resources.resfiles
c:\users\andreas\documents\visual studio 2015\projects\wallpaperchangeapp\wallpaperchangeapp\debug\resources.resfiles.intermediate
c:\users\andreas\documents\visual studio 2015\projects\wallpaperchangeapp\wallpaperchangeapp\debug\pri.resfiles
c:\users\andreas\documents\visual studio 2015\projects\wallpaperchangeapp\wallpaperchangeapp\debug\pri.resfiles.intermediate
c:\users\andreas\documents\visual studio 2015\projects\wallpaperchangeapp\debug\wallpaperchangeapp\resources.pri
c:\users\andreas\documents\visual studio 2015\projects\wallpaperchangeapp\wallpaperchangeapp\debug\qualifiers.txt
c:\users\andreas\documents\visual studio 2015\projects\wallpaperchangeapp\wallpaperchangeapp\debug\qualifiers.txt.intermediate
c:\users\andreas\documents\visual studio 2015\projects\wallpaperchangeapp\wallpaperchangeapp\debug\multiplequalifiersperdimensionfound.txt
c:\users\andreas\documents\visual studio 2015\projects\wallpaperchangeapp\wallpaperchangeapp\debug\projectarchitectures.txt
c:\users\andreas\documents\visual studio 2015\projects\wallpaperchangeapp\debug\wallpaperchangeapp\appxmanifest.xml
c:\users\andreas\documents\visual studio 2015\projects\wallpaperchangeapp\debug\wallpaperchangeapp\wallpaperchangeapp.build.appxrecipe
c:\users\andreas\documents\visual studio 2015\projects\wallpaperchangeapp\wallpaperchangeapp\debug\wallpaperchangeapp.vcxprojresolveassemblyreference.cache
c:\users\andreas\documents\visual studio 2015\projects\wallpaperchangeapp\wallpaperchangeapp\debug\embed.resfiles
c:\users\andreas\documents\visual studio 2015\projects\wallpaperchangeapp\wallpaperchangeapp\debug\wallpape.845b70f8.tlog\cl.command.1.tlog
c:\users\andreas\documents\visual studio 2015\projects\wallpaperchangeapp\wallpaperchangeapp\debug\wallpape.845b70f8.tlog\cl.read.1.tlog
c:\users\andreas\documents\visual studio 2015\projects\wallpaperchangeapp\wallpaperchangeapp\debug\wallpape.845b70f8.tlog\cl.write.1.tlog
c:\users\andreas\documents\visual studio 2015\projects\wallpaperchangeapp\wallpaperchangeapp\debug\wallpape.845b70f8.tlog\link.command.1.tlog
c:\users\andreas\documents\visual studio 2015\projects\wallpaperchangeapp\wallpaperchangeapp\debug\wallpape.845b70f8.tlog\link.read.1.tlog
c:\users\andreas\documents\visual studio 2015\projects\wallpaperchangeapp\wallpaperchangeapp\debug\wallpape.845b70f8.tlog\link.write.1.tlog
c:\users\andreas\documents\visual studio 2015\projects\wallpaperchangeapp\wallpaperchangeapp\debug\wallpape.845b70f8.tlog\wallpaperchangeapp.read.1u.tlog
c:\users\andreas\documents\visual studio 2015\projects\wallpaperchangeapp\wallpaperchangeapp\debug\wallpape.845b70f8.tlog\wallpaperchangeapp.write.1u.tlog
c:\users\andreas\documents\visual studio 2015\projects\wallpaperchangeapp\wallpaperchangeapp\generated files\xamlbindinginfo.g.h
c:\users\andreas\documents\visual studio 2015\projects\wallpaperchangeapp\wallpaperchangeapp\generated files\xamltypeinfo.g.h
